{"meta": {"format": 2, "version": "7.5.1", "timestamp": "2024-05-24T20:07:52.258017", "branch_coverage": false, "show_contexts": false}, "files": {"constclasses/__init__.py": {"executed_lines": [1, 2], "summary": {"covered_lines": 2, "num_statements": 2, "percent_covered": 100.0, "percent_covered_display": "100", "missing_lines": 0, "excluded_lines": 0}, "missing_lines": [], "excluded_lines": []}, "constclasses/src/__init__.py": {"executed_lines": [0, 1], "summary": {"covered_lines": 0, "num_statements": 0, "percent_covered": 100.0, "percent_covered_display": "100", "missing_lines": 0, "excluded_lines": 0}, "missing_lines": [], "excluded_lines": []}, "constclasses/src/ccerror.py": {"executed_lines": [1, 2, 3, 4, 7, 8, 9, 10], "summary": {"covered_lines": 8, "num_statements": 8, "percent_covered": 100.0, "percent_covered_display": "100", "missing_lines": 0, "excluded_lines": 0}, "missing_lines": [], "excluded_lines": []}, "constclasses/src/const_class.py": {"executed_lines": [1, 4, 5, 7, 8, 9, 10, 12, 13, 15, 17, 18, 20, 21, 23, 26, 27, 28, 30], "summary": {"covered_lines": 19, "num_statements": 19, "percent_covered": 100.0, "percent_covered_display": "100", "missing_lines": 0, "excluded_lines": 0}, "missing_lines": [], "excluded_lines": []}, "constclasses/test/__init__.py": {"executed_lines": [0, 1], "summary": {"covered_lines": 0, "num_statements": 0, "percent_covered": 100.0, "percent_covered_display": "100", "missing_lines": 0, "excluded_lines": 0}, "missing_lines": [], "excluded_lines": []}, "constclasses/test/test_const_class.py": {"executed_lines": [1, 2, 4, 5, 8, 9, 10, 12, 15, 16, 17, 18, 21, 24, 29, 30, 31, 33, 34, 37, 38, 39, 40, 42, 44, 45, 47, 48, 50, 51, 53, 54], "summary": {"covered_lines": 32, "num_statements": 32, "percent_covered": 100.0, "percent_covered_display": "100", "missing_lines": 0, "excluded_lines": 0}, "missing_lines": [], "excluded_lines": []}}, "totals": {"covered_lines": 61, "num_statements": 61, "percent_covered": 100.0, "percent_covered_display": "100", "missing_lines": 0, "excluded_lines": 0}}